<?xml version="1.0" encoding="UTF-8"?>
<!-- Generated by org.testng.reporters.JUnitReportReporter -->
<testsuite hostname="DESKTOP-OJFEH9S" failures="0" tests="1" name="simplertrading1.appium" time="25.164" errors="0" timestamp="2023-04-11T10:56:15 IST" skipped="0">
  <testcase classname="simplertrading1.appium" name="test" time="25.164"/>
  <system-out/>
</testsuite> <!-- simplertrading1.appium -->
